<?xml version="1.0" encoding="UTF-8"?>
<!-- Generated by org.testng.reporters.JUnitXMLReporter -->
<testsuite ignored="3" hostname="DESKTOP-L558MLK" failures="6" tests="12" name="Test" time="144.992" errors="0" timestamp="2020-10-24T16:50:25 EET">
  <testcase classname="tests.TestImplementingHttpIntercreptorForSignUp" name="UserCanVerifySigupHttpRequestandValidateTheResponse" time="1.346"/>
  <testcase classname="tests.UserRegistrationTest" name="UserCannotRegisterWithFirstnNameStartsWithSmallLetter" time="4.336">
    <failure type="java.lang.AssertionError" message="The following asserts failed:
	expected [false] but found [true],
	expected [false] but found [true]">
      <![CDATA[java.lang.AssertionError: The following asserts failed:
expected [false] but found [true],
expected [false] but found [true]
at tests.UserRegistrationTest.UserCannotRegisterWithFirstnNameStartsWithSmallLetter(UserRegistrationTest.java:122)
at java.base/java.util.ArrayList.forEach(ArrayList.java:1541)
... Removed 29 stack frames]]>
    </failure>
  </testcase> <!-- UserCannotRegisterWithFirstnNameStartsWithSmallLetter -->
  <testcase classname="tests.UserRegistrationTest" name="UserCannotRegisterWithLastNameStartsWithSmallLetter" time="3.721">
    <failure type="java.lang.AssertionError" message="The following asserts failed:
	expected [false] but found [true],
	expected [false] but found [true]">
      <![CDATA[java.lang.AssertionError: The following asserts failed:
expected [false] but found [true],
expected [false] but found [true]
at tests.UserRegistrationTest.UserCannotRegisterWithLastNameStartsWithSmallLetter(UserRegistrationTest.java:155)
at java.base/java.util.ArrayList.forEach(ArrayList.java:1541)
... Removed 29 stack frames]]>
    </failure>
  </testcase> <!-- UserCannotRegisterWithLastNameStartsWithSmallLetter -->
  <testcase classname="tests.UserRegistrationTest" name="UserCannotRegisterWithFirstnNameAndLastNameStartsWithSmallLetter" time="3.683">
    <failure type="java.lang.AssertionError" message="The following asserts failed:
	expected [false] but found [true],
	expected [false] but found [true]">
      <![CDATA[java.lang.AssertionError: The following asserts failed:
expected [false] but found [true],
expected [false] but found [true]
at tests.UserRegistrationTest.UserCannotRegisterWithFirstnNameAndLastNameStartsWithSmallLetter(UserRegistrationTest.java:185)
at java.base/java.util.ArrayList.forEach(ArrayList.java:1541)
... Removed 29 stack frames]]>
    </failure>
  </testcase> <!-- UserCannotRegisterWithFirstnNameAndLastNameStartsWithSmallLetter -->
  <testcase classname="tests.UserRegistrationTest" name="UserCannotRegisterWithFirstnNameAndLastNameWhenMatched" time="3.691">
    <failure type="java.lang.AssertionError" message="The following asserts failed:
	expected [false] but found [true],
	expected [false] but found [true]">
      <![CDATA[java.lang.AssertionError: The following asserts failed:
expected [false] but found [true],
expected [false] but found [true]
at tests.UserRegistrationTest.UserCannotRegisterWithFirstnNameAndLastNameWhenMatched(UserRegistrationTest.java:216)
at java.base/java.util.ArrayList.forEach(ArrayList.java:1541)
... Removed 29 stack frames]]>
    </failure>
  </testcase> <!-- UserCannotRegisterWithFirstnNameAndLastNameWhenMatched -->
  <testcase classname="tests.UserRegistrationTest" name="UserCannotRegisterWithInvalidMobileNumber" time="3.731">
    <failure type="java.lang.AssertionError" message="The following asserts failed:
	expected [false] but found [true],
	expected [false] but found [true]">
      <![CDATA[java.lang.AssertionError: The following asserts failed:
expected [false] but found [true],
expected [false] but found [true]
at tests.UserRegistrationTest.UserCannotRegisterWithInvalidMobileNumber(UserRegistrationTest.java:246)
at java.base/java.util.ArrayList.forEach(ArrayList.java:1541)
... Removed 29 stack frames]]>
    </failure>
  </testcase> <!-- UserCannotRegisterWithInvalidMobileNumber -->
  <testcase classname="tests.UserRegistrationTest" name="UserCannotRegisterWithInvalidEmail" time="3.64"/>
  <testcase classname="tests.UserRegistrationTest" name="UserCannotRegisterWithInvalidPassword" time="3.706">
    <failure type="java.lang.AssertionError" message="The following asserts failed:
	expected [false] but found [true],
	expected [false] but found [true]">
      <![CDATA[java.lang.AssertionError: The following asserts failed:
expected [false] but found [true],
expected [false] but found [true]
at tests.UserRegistrationTest.UserCannotRegisterWithInvalidPassword(UserRegistrationTest.java:302)
at java.base/java.util.ArrayList.forEach(ArrayList.java:1541)
... Removed 29 stack frames]]>
    </failure>
  </testcase> <!-- UserCannotRegisterWithInvalidPassword -->
  <testcase classname="tests.UserRegistrationTest" name="UserCannotRegisterWithInvalidMatchedPassword" time="3.629"/>
  <testcase classname="tests.UserRegistrationTest" name="UserCanRegisterWithVaildData" time="2.507"/>
  <testcase classname="tests.UserRegistrationTest" name="UserCannotRegisterWithExistingEmail" time="3.74"/>
  <testcase classname="tests.UserRegistrationTest" name="UserCanLoginAndLogoutAfterRegisterSuccessfully" time="4.837"/>
  <testcase classname="tests.TestBase" name="@AfterTest endReport" time="0.0">
    <ignored/>
  </testcase> <!-- @AfterTest endReport -->
  <testcase classname="tests.TestBase" name="@AfterSuite stopdriver" time="0.0">
    <ignored/>
  </testcase> <!-- @AfterSuite stopdriver -->
  <testcase classname="tests.TestBase" name="@BeforeTest setExtent" time="0.0">
    <ignored/>
  </testcase> <!-- @BeforeTest setExtent -->
</testsuite> <!-- Test -->
